<?xml version="1.0" encoding="UTF-8"?>
<!-- Generated by org.testng.reporters.JUnitReportReporter -->
<testsuite hostname="LAPTOP-5ECUN051" failures="0" tests="3" name="basictestng.Sample5" time="0.005" errors="0" timestamp="15 Jan 2023 13:32:21 GMT" skipped="0">
  <testcase classname="basictestng.Sample5" name="a_loginInToActitime" time="0.002"/>
  <testcase classname="basictestng.Sample5" name="b_verifyTaskCreation" time="0.001"/>
  <testcase classname="basictestng.Sample5" name="a_verifyTaskDeletion" time="0.002"/>
</testsuite> <!-- basictestng.Sample5 -->
