<?xml version="1.0" encoding="UTF-8"?>
<!-- Generated by org.testng.reporters.JUnitReportReporter -->
<testsuite hostname="LAPTOP-5ECUN051" failures="0" tests="3" name="basictestng.Sample4" time="0.033" errors="0" timestamp="15 Jan 2023 13:32:21 GMT" skipped="0">
  <testcase classname="basictestng.Sample4" name="b_login" time="0.002"/>
  <testcase classname="basictestng.Sample4" name="a_signUp" time="0.029"/>
  <testcase classname="basictestng.Sample4" name="c_compose" time="0.002"/>
</testsuite> <!-- basictestng.Sample4 -->
