<?xml version="1.0" encoding="UTF-8"?>
<!-- Generated by org.testng.reporters.JUnitReportReporter -->
<testsuite hostname="LAPTOP-5ECUN051" failures="0" tests="1" name="testscripts.GoogleSerach" time="2.483" errors="0" timestamp="17 Jan 2023 15:40:38 GMT" skipped="0">
  <testcase classname="testscripts.GoogleSerach" name="testSearchPage" time="2.483"/>
</testsuite> <!-- testscripts.GoogleSerach -->
