<?xml version="1.0" encoding="UTF-8"?>
<!-- Generated by org.testng.reporters.JUnitReportReporter -->
<testsuite hostname="LAPTOP-5ECUN051" failures="0" tests="4" name="Excel.ReadExcel" time="0.564" errors="0" timestamp="10 Jan 2023 15:36:52 GMT" skipped="0">
  <testcase classname="Excel.ReadExcel" name="readDiffrenetTypeOfDataFromExcel" time="0.003"/>
  <testcase classname="Excel.ReadExcel" name="sheetOps" time="0.543"/>
  <testcase classname="Excel.ReadExcel" name="cellOps" time="0.017"/>
  <testcase classname="Excel.ReadExcel" name="rowOps" time="0.001"/>
</testsuite> <!-- Excel.ReadExcel -->
