<?xml version="1.0" encoding="UTF-8"?>
<!-- Generated by org.testng.reporters.JUnitReportReporter -->
<testsuite hostname="LAPTOP-5ECUN051" failures="0" tests="3" name="basictestng.Sample2" time="0.006" errors="0" timestamp="15 Jan 2023 13:32:21 GMT" skipped="0">
  <testcase classname="basictestng.Sample2" name="testCase2" time="0.002"/>
  <testcase classname="basictestng.Sample2" name="testCase1" time="0.002"/>
  <testcase classname="basictestng.Sample2" name="testCase3" time="0.002"/>
</testsuite> <!-- basictestng.Sample2 -->
