<?xml version="1.0" encoding="UTF-8"?>
<!-- Generated by org.testng.reporters.JUnitReportReporter -->
<testsuite hostname="LAPTOP-5ECUN051" failures="0" tests="1" name="basictestng.Sample1" time="0.002" errors="0" timestamp="15 Jan 2023 13:32:21 GMT" skipped="0">
  <testcase classname="basictestng.Sample1" name="testCase1" time="0.002"/>
</testsuite> <!-- basictestng.Sample1 -->
