<?xml version="1.0" encoding="UTF-8"?>
<!-- Generated by org.testng.reporters.JUnitReportReporter -->
<testsuite hostname="LAPTOP-5ECUN051" failures="0" tests="2" name="Excel.ExcelUpdate" time="0.734" errors="0" timestamp="10 Jan 2023 15:57:51 GMT" skipped="0">
  <testcase classname="Excel.ExcelUpdate" name="updateSheetDetails" time="0.077"/>
  <testcase classname="Excel.ExcelUpdate" name="updateCellDetails" time="0.657"/>
</testsuite> <!-- Excel.ExcelUpdate -->
