<?xml version="1.0" encoding="UTF-8"?>
<!-- Generated by org.testng.reporters.JUnitReportReporter -->
<testsuite hostname="LAPTOP-5ECUN051" failures="0" tests="3" name="basictestng.Sample3" time="0.009" errors="0" timestamp="15 Jan 2023 13:32:21 GMT" skipped="0">
  <testcase classname="basictestng.Sample3" name="compose" time="0.001"/>
  <testcase classname="basictestng.Sample3" name="signUp" time="0.005"/>
  <testcase classname="basictestng.Sample3" name="login" time="0.003"/>
</testsuite> <!-- basictestng.Sample3 -->
